<?xml version="1.0" encoding="UTF-8"?>
<testng-results ignored="0" total="10" passed="10" failed="0" skipped="0">
  <reporter-output>
  </reporter-output>
  <suite started-at="2019-08-19T07:43:46Z" name="SuiteName" finished-at="2019-08-19T07:44:05Z" duration-ms="19447">
    <groups>
      <group name="all">
        <method signature="LoanApiTest.leonMortageAccountDetailEnquiryPost()[pri:0, instance:api.LoanApiTest@b59d31]" name="leonMortageAccountDetailEnquiryPost" class="api.LoanApiTest"/>
        <method signature="LoanApiTest.leonMortageLoanCalculaterPost()[pri:0, instance:api.LoanApiTest@b59d31]" name="leonMortageLoanCalculaterPost" class="api.LoanApiTest"/>
        <method signature="LoanApiTest.leonMortageMortgageLoanAccountOpeningPost()[pri:0, instance:api.LoanApiTest@b59d31]" name="leonMortageMortgageLoanAccountOpeningPost" class="api.LoanApiTest"/>
        <method signature="LoanApiTest.leonMortageCancellationPost()[pri:0, instance:api.LoanApiTest@b59d31]" name="leonMortageCancellationPost" class="api.LoanApiTest"/>
        <method signature="LoanApiTest.leonMortageMortgageLoanApplicationPost()[pri:0, instance:api.LoanApiTest@b59d31]" name="leonMortageMortgageLoanApplicationPost" class="api.LoanApiTest"/>
        <method signature="LoanApiTest.leonMortageNextRepaymentEnquiryPost()[pri:0, instance:api.LoanApiTest@b59d31]" name="leonMortageNextRepaymentEnquiryPost" class="api.LoanApiTest"/>
        <method signature="LoanApiTest.leonMortageOverDueRepaymentEnquiryPost()[pri:0, instance:api.LoanApiTest@b59d31]" name="leonMortageOverDueRepaymentEnquiryPost" class="api.LoanApiTest"/>
        <method signature="LoanApiTest.leonMortageRepaymentPlanPost()[pri:0, instance:api.LoanApiTest@b59d31]" name="leonMortageRepaymentPlanPost" class="api.LoanApiTest"/>
        <method signature="LoanApiTest.leonMortageRepaymentPost()[pri:0, instance:api.LoanApiTest@b59d31]" name="leonMortageRepaymentPost" class="api.LoanApiTest"/>
        <method signature="LoanApiTest.leonMortageTransactionEnquiryPost()[pri:0, instance:api.LoanApiTest@b59d31]" name="leonMortageTransactionEnquiryPost" class="api.LoanApiTest"/>
      </group> <!-- all -->
      <group name="mortgage-loan">
        <method signature="LoanApiTest.leonMortageAccountDetailEnquiryPost()[pri:0, instance:api.LoanApiTest@b59d31]" name="leonMortageAccountDetailEnquiryPost" class="api.LoanApiTest"/>
        <method signature="LoanApiTest.leonMortageLoanCalculaterPost()[pri:0, instance:api.LoanApiTest@b59d31]" name="leonMortageLoanCalculaterPost" class="api.LoanApiTest"/>
        <method signature="LoanApiTest.leonMortageMortgageLoanAccountOpeningPost()[pri:0, instance:api.LoanApiTest@b59d31]" name="leonMortageMortgageLoanAccountOpeningPost" class="api.LoanApiTest"/>
        <method signature="LoanApiTest.leonMortageCancellationPost()[pri:0, instance:api.LoanApiTest@b59d31]" name="leonMortageCancellationPost" class="api.LoanApiTest"/>
        <method signature="LoanApiTest.leonMortageMortgageLoanApplicationPost()[pri:0, instance:api.LoanApiTest@b59d31]" name="leonMortageMortgageLoanApplicationPost" class="api.LoanApiTest"/>
        <method signature="LoanApiTest.leonMortageNextRepaymentEnquiryPost()[pri:0, instance:api.LoanApiTest@b59d31]" name="leonMortageNextRepaymentEnquiryPost" class="api.LoanApiTest"/>
        <method signature="LoanApiTest.leonMortageOverDueRepaymentEnquiryPost()[pri:0, instance:api.LoanApiTest@b59d31]" name="leonMortageOverDueRepaymentEnquiryPost" class="api.LoanApiTest"/>
        <method signature="LoanApiTest.leonMortageRepaymentPlanPost()[pri:0, instance:api.LoanApiTest@b59d31]" name="leonMortageRepaymentPlanPost" class="api.LoanApiTest"/>
        <method signature="LoanApiTest.leonMortageRepaymentPost()[pri:0, instance:api.LoanApiTest@b59d31]" name="leonMortageRepaymentPost" class="api.LoanApiTest"/>
        <method signature="LoanApiTest.leonMortageTransactionEnquiryPost()[pri:0, instance:api.LoanApiTest@b59d31]" name="leonMortageTransactionEnquiryPost" class="api.LoanApiTest"/>
      </group> <!-- mortgage-loan -->
    </groups>
    <test started-at="2019-08-19T07:43:46Z" name="TestName" finished-at="2019-08-19T07:44:05Z" duration-ms="19447">
      <class name="api.LoanApiTest">
        <test-method is-config="true" signature="setUp()[pri:0, instance:api.LoanApiTest@b59d31]" started-at="2019-08-19T07:43:46Z" name="setUp" finished-at="2019-08-19T07:43:48Z" duration-ms="1621" status="PASS">
          <reporter-output>
          </reporter-output>
        </test-method> <!-- setUp -->
        <test-method signature="leonMortageAccountDetailEnquiryPost()[pri:0, instance:api.LoanApiTest@b59d31]" started-at="2019-08-19T07:43:48Z" name="leonMortageAccountDetailEnquiryPost" finished-at="2019-08-19T07:43:54Z" duration-ms="6782" status="PASS">
          <reporter-output>
          </reporter-output>
        </test-method> <!-- leonMortageAccountDetailEnquiryPost -->
        <test-method signature="leonMortageLoanCalculaterPost()[pri:0, instance:api.LoanApiTest@b59d31]" started-at="2019-08-19T07:43:54Z" name="leonMortageLoanCalculaterPost" finished-at="2019-08-19T07:43:57Z" duration-ms="2200" status="PASS">
          <reporter-output>
          </reporter-output>
        </test-method> <!-- leonMortageLoanCalculaterPost -->
        <test-method signature="leonMortageMortgageLoanAccountOpeningPost()[pri:0, instance:api.LoanApiTest@b59d31]" started-at="2019-08-19T07:43:57Z" name="leonMortageMortgageLoanAccountOpeningPost" finished-at="2019-08-19T07:43:58Z" duration-ms="1243" status="PASS">
          <reporter-output>
          </reporter-output>
        </test-method> <!-- leonMortageMortgageLoanAccountOpeningPost -->
        <test-method signature="leonMortageMortgageLoanApplicationPost()[pri:0, instance:api.LoanApiTest@b59d31]" started-at="2019-08-19T07:43:58Z" name="leonMortageMortgageLoanApplicationPost" finished-at="2019-08-19T07:43:59Z" duration-ms="942" status="PASS">
          <reporter-output>
          </reporter-output>
        </test-method> <!-- leonMortageMortgageLoanApplicationPost -->
        <test-method signature="leonMortageNextRepaymentEnquiryPost()[pri:0, instance:api.LoanApiTest@b59d31]" started-at="2019-08-19T07:43:59Z" name="leonMortageNextRepaymentEnquiryPost" finished-at="2019-08-19T07:43:59Z" duration-ms="630" status="PASS">
          <reporter-output>
          </reporter-output>
        </test-method> <!-- leonMortageNextRepaymentEnquiryPost -->
        <test-method signature="leonMortageOverDueRepaymentEnquiryPost()[pri:0, instance:api.LoanApiTest@b59d31]" started-at="2019-08-19T07:43:59Z" name="leonMortageOverDueRepaymentEnquiryPost" finished-at="2019-08-19T07:44:00Z" duration-ms="705" status="PASS">
          <reporter-output>
          </reporter-output>
        </test-method> <!-- leonMortageOverDueRepaymentEnquiryPost -->
        <test-method signature="leonMortageRepaymentPlanPost()[pri:0, instance:api.LoanApiTest@b59d31]" started-at="2019-08-19T07:44:00Z" name="leonMortageRepaymentPlanPost" finished-at="2019-08-19T07:44:01Z" duration-ms="1215" status="PASS">
          <reporter-output>
          </reporter-output>
        </test-method> <!-- leonMortageRepaymentPlanPost -->
        <test-method signature="leonMortageTransactionEnquiryPost()[pri:0, instance:api.LoanApiTest@b59d31]" started-at="2019-08-19T07:44:01Z" name="leonMortageTransactionEnquiryPost" finished-at="2019-08-19T07:44:02Z" duration-ms="723" status="PASS">
          <reporter-output>
          </reporter-output>
        </test-method> <!-- leonMortageTransactionEnquiryPost -->
        <test-method signature="leonMortageCancellationPost()[pri:0, instance:api.LoanApiTest@b59d31]" started-at="2019-08-19T07:44:02Z" name="leonMortageCancellationPost" finished-at="2019-08-19T07:44:04Z" depends-on-methods="api.LoanApiTest.leonMortageMortgageLoanAccountOpeningPost" duration-ms="2123" status="PASS">
          <reporter-output>
          </reporter-output>
        </test-method> <!-- leonMortageCancellationPost -->
        <test-method signature="leonMortageRepaymentPost()[pri:0, instance:api.LoanApiTest@b59d31]" started-at="2019-08-19T07:44:04Z" name="leonMortageRepaymentPost" finished-at="2019-08-19T07:44:05Z" depends-on-methods="api.LoanApiTest.leonMortageOverDueRepaymentEnquiryPost" duration-ms="1228" status="PASS">
          <reporter-output>
          </reporter-output>
        </test-method> <!-- leonMortageRepaymentPost -->
      </class> <!-- api.LoanApiTest -->
    </test> <!-- TestName -->
  </suite> <!-- SuiteName -->
</testng-results>
