<?xml version="1.0" encoding="UTF-8"?>
<testsuite xmlns:xsi="http://www.w3.org/2001/XMLSchema-instance" xsi:schemaLocation="https://maven.apache.org/surefire/maven-surefire-plugin/xsd/surefire-test-report.xsd" name="TestSuite" time="20.886" tests="10" errors="0" skipped="0" failures="0">
  <properties>
[...]
</properties>
  <testcase name="leonMortageAccountDetailEnquiryPost" classname="api.LoanApiTest" time="6.784"/>
  <testcase name="leonMortageLoanCalculaterPost" classname="api.LoanApiTest" time="2.197"/>
  <testcase name="leonMortageMortgageLoanAccountOpeningPost" classname="api.LoanApiTest" time="1.243"/>
  <testcase name="leonMortageMortgageLoanApplicationPost" classname="api.LoanApiTest" time="0.942"/>
  <testcase name="leonMortageNextRepaymentEnquiryPost" classname="api.LoanApiTest" time="0.63"/>
  <testcase name="leonMortageOverDueRepaymentEnquiryPost" classname="api.LoanApiTest" time="0.705"/>
  <testcase name="leonMortageRepaymentPlanPost" classname="api.LoanApiTest" time="1.216"/>
  <testcase name="leonMortageTransactionEnquiryPost" classname="api.LoanApiTest" time="0.723"/>
  <testcase name="leonMortageCancellationPost" classname="api.LoanApiTest" time="2.122"/>
  <testcase name="leonMortageRepaymentPost" classname="api.LoanApiTest" time="1.229"/>
</testsuite>