<?xml version="1.0" encoding="UTF-8"?>
<!-- Generated by org.testng.reporters.JUnitXMLReporter -->
<testsuite ignored="0" hostname="LAPTOP-D2BFLFER" failures="0" tests="10" name="TestName" time="19.447" errors="0" timestamp="19 8月 2019 07:44:06 GMT">
  <testcase classname="api.LoanApiTest" name="leonMortageAccountDetailEnquiryPost" time="6.782"/>
  <testcase classname="api.LoanApiTest" name="leonMortageLoanCalculaterPost" time="2.2"/>
  <testcase classname="api.LoanApiTest" name="leonMortageMortgageLoanAccountOpeningPost" time="1.243"/>
  <testcase classname="api.LoanApiTest" name="leonMortageMortgageLoanApplicationPost" time="0.942"/>
  <testcase classname="api.LoanApiTest" name="leonMortageNextRepaymentEnquiryPost" time="0.63"/>
  <testcase classname="api.LoanApiTest" name="leonMortageOverDueRepaymentEnquiryPost" time="0.705"/>
  <testcase classname="api.LoanApiTest" name="leonMortageRepaymentPlanPost" time="1.215"/>
  <testcase classname="api.LoanApiTest" name="leonMortageTransactionEnquiryPost" time="0.723"/>
  <testcase classname="api.LoanApiTest" name="leonMortageCancellationPost" time="2.123"/>
  <testcase classname="api.LoanApiTest" name="leonMortageRepaymentPost" time="1.228"/>
</testsuite> <!-- TestName -->
